<?xml version="1.0" encoding="UTF-8"?>
<!-- Generated by org.testng.reporters.JUnitXMLReporter -->
<testsuite ignored="0" hostname="DESKTOP-CQVNS9P" failures="0" tests="5" name="Default test" time="63.239" errors="0" timestamp="2025-12-16T21:53:53 IST">
  <testcase classname="Test.Agoda_test" name="logoverify" time="2.296"/>
  <testcase classname="Test.Agoda_test" name="home" time="12.179"/>
  <testcase classname="Test.Agoda_test" name="Screen" time="0.56"/>
  <testcase classname="Test.Agoda_test" name="flag" time="4.914"/>
  <testcase classname="Test.Agoda_test" name="navigate" time="31.607"/>
</testsuite> <!-- Default test -->
