<?xml version="1.0" encoding="UTF-8"?>
<!-- Generated by org.testng.reporters.JUnitXMLReporter -->
<testsuite ignored="0" hostname="DESKTOP-CQVNS9P" failures="0" tests="5" name="Default test" time="65.778" errors="0" timestamp="2025-12-17T19:11:38 IST">
  <testcase classname="Test.Agoda_test" name="logoverify" time="0.265"/>
  <testcase classname="Test.Agoda_test" name="home" time="10.175"/>
  <testcase classname="Test.Agoda_test" name="Screen" time="0.405"/>
  <testcase classname="Test.Agoda_test" name="flag" time="5.079"/>
  <testcase classname="Test.Agoda_test" name="navigate" time="34.961"/>
</testsuite> <!-- Default test -->
