<?xml version="1.0" encoding="UTF-8"?>
<testng-results ignored="0" total="5" passed="5" failed="0" skipped="0">
  <reporter-output>
  </reporter-output>
  <suite started-at="2025-12-16T21:52:49 IST" name="Default suite" finished-at="2025-12-16T21:53:52 IST" duration-ms="63239">
    <groups>
    </groups>
    <test started-at="2025-12-16T21:52:49 IST" name="Default test" finished-at="2025-12-16T21:53:52 IST" duration-ms="63239">
      <class name="Test.Agoda_test">
        <test-method is-config="true" signature="setup()[pri:0, instance:Test.Agoda_test@279fedbd]" started-at="2025-12-16T21:52:49 IST" name="setup" finished-at="2025-12-16T21:53:00 IST" duration-ms="10510" status="PASS">
          <reporter-output>
          </reporter-output>
        </test-method> <!-- setup -->
        <test-method signature="logoverify()[pri:0, instance:Test.Agoda_test@279fedbd]" started-at="2025-12-16T21:53:00 IST" name="logoverify" finished-at="2025-12-16T21:53:02 IST" duration-ms="2296" status="PASS">
          <reporter-output>
          </reporter-output>
        </test-method> <!-- logoverify -->
        <test-method is-config="true" signature="browserclose(org.testng.ITestResult)[pri:0, instance:Test.Agoda_test@279fedbd]" started-at="2025-12-16T21:53:02 IST" name="browserclose" finished-at="2025-12-16T21:53:02 IST" duration-ms="23" status="PASS">
          <params>
            <param index="0">
              <value>
                <![CDATA[[TestResult name=logoverify status=SUCCESS method=Agoda_test.logoverify()[pri:0, instance:Test.Agoda_test@279fedbd] output={null}]]]>
              </value>
            </param>
          </params>
          <reporter-output>
          </reporter-output>
        </test-method> <!-- browserclose -->
        <test-method signature="home()[pri:1, instance:Test.Agoda_test@279fedbd]" started-at="2025-12-16T21:53:02 IST" name="home" finished-at="2025-12-16T21:53:14 IST" duration-ms="12179" status="PASS">
          <reporter-output>
          </reporter-output>
        </test-method> <!-- home -->
        <test-method is-config="true" signature="browserclose(org.testng.ITestResult)[pri:0, instance:Test.Agoda_test@279fedbd]" started-at="2025-12-16T21:53:14 IST" name="browserclose" finished-at="2025-12-16T21:53:14 IST" duration-ms="0" status="PASS">
          <params>
            <param index="0">
              <value>
                <![CDATA[[TestResult name=home status=SUCCESS method=Agoda_test.home()[pri:1, instance:Test.Agoda_test@279fedbd] output={null}]]]>
              </value>
            </param>
          </params>
          <reporter-output>
          </reporter-output>
        </test-method> <!-- browserclose -->
        <test-method signature="Screen()[pri:2, instance:Test.Agoda_test@279fedbd]" started-at="2025-12-16T21:53:14 IST" name="Screen" finished-at="2025-12-16T21:53:15 IST" duration-ms="560" status="PASS">
          <reporter-output>
          </reporter-output>
        </test-method> <!-- Screen -->
        <test-method is-config="true" signature="browserclose(org.testng.ITestResult)[pri:0, instance:Test.Agoda_test@279fedbd]" started-at="2025-12-16T21:53:15 IST" name="browserclose" finished-at="2025-12-16T21:53:15 IST" duration-ms="5" status="PASS">
          <params>
            <param index="0">
              <value>
                <![CDATA[[TestResult name=Screen status=SUCCESS method=Agoda_test.Screen()[pri:2, instance:Test.Agoda_test@279fedbd] output={null}]]]>
              </value>
            </param>
          </params>
          <reporter-output>
          </reporter-output>
        </test-method> <!-- browserclose -->
        <test-method signature="flag()[pri:3, instance:Test.Agoda_test@279fedbd]" started-at="2025-12-16T21:53:15 IST" name="flag" finished-at="2025-12-16T21:53:20 IST" duration-ms="4914" status="PASS">
          <reporter-output>
          </reporter-output>
        </test-method> <!-- flag -->
        <test-method is-config="true" signature="browserclose(org.testng.ITestResult)[pri:0, instance:Test.Agoda_test@279fedbd]" started-at="2025-12-16T21:53:20 IST" name="browserclose" finished-at="2025-12-16T21:53:20 IST" duration-ms="1" status="PASS">
          <params>
            <param index="0">
              <value>
                <![CDATA[[TestResult name=flag status=SUCCESS method=Agoda_test.flag()[pri:3, instance:Test.Agoda_test@279fedbd] output={null}]]]>
              </value>
            </param>
          </params>
          <reporter-output>
          </reporter-output>
        </test-method> <!-- browserclose -->
        <test-method signature="navigate()[pri:4, instance:Test.Agoda_test@279fedbd]" started-at="2025-12-16T21:53:20 IST" name="navigate" finished-at="2025-12-16T21:53:52 IST" duration-ms="31607" status="PASS">
          <reporter-output>
          </reporter-output>
        </test-method> <!-- navigate -->
        <test-method is-config="true" signature="browserclose(org.testng.ITestResult)[pri:0, instance:Test.Agoda_test@279fedbd]" started-at="2025-12-16T21:53:52 IST" name="browserclose" finished-at="2025-12-16T21:53:52 IST" duration-ms="1" status="PASS">
          <params>
            <param index="0">
              <value>
                <![CDATA[[TestResult name=navigate status=SUCCESS method=Agoda_test.navigate()[pri:4, instance:Test.Agoda_test@279fedbd] output={null}]]]>
              </value>
            </param>
          </params>
          <reporter-output>
          </reporter-output>
        </test-method> <!-- browserclose -->
        <test-method is-config="true" signature="browserclose()[pri:0, instance:Test.Agoda_test@279fedbd]" started-at="2025-12-16T21:53:52 IST" name="browserclose" finished-at="2025-12-16T21:53:52 IST" duration-ms="951" status="PASS">
          <reporter-output>
          </reporter-output>
        </test-method> <!-- browserclose -->
      </class> <!-- Test.Agoda_test -->
    </test> <!-- Default test -->
  </suite> <!-- Default suite -->
</testng-results>
