<?xml version="1.0" encoding="UTF-8"?>
<testng-results ignored="0" total="5" passed="5" failed="0" skipped="0">
  <reporter-output>
  </reporter-output>
  <suite started-at="2025-12-17T19:10:32 IST" name="Default suite" finished-at="2025-12-17T19:11:38 IST" duration-ms="65778">
    <groups>
    </groups>
    <test started-at="2025-12-17T19:10:32 IST" name="Default test" finished-at="2025-12-17T19:11:38 IST" duration-ms="65778">
      <class name="Test.Agoda_test">
        <test-method is-config="true" signature="setup()[pri:0, instance:Test.Agoda_test@279fedbd]" started-at="2025-12-17T19:10:32 IST" name="setup" finished-at="2025-12-17T19:10:46 IST" duration-ms="13777" status="PASS">
          <reporter-output>
          </reporter-output>
        </test-method> <!-- setup -->
        <test-method signature="logoverify()[pri:0, instance:Test.Agoda_test@279fedbd]" started-at="2025-12-17T19:10:46 IST" name="logoverify" finished-at="2025-12-17T19:10:46 IST" duration-ms="265" status="PASS">
          <reporter-output>
          </reporter-output>
        </test-method> <!-- logoverify -->
        <test-method is-config="true" signature="browserclose(org.testng.ITestResult)[pri:0, instance:Test.Agoda_test@279fedbd]" started-at="2025-12-17T19:10:46 IST" name="browserclose" finished-at="2025-12-17T19:10:46 IST" duration-ms="23" status="PASS">
          <params>
            <param index="0">
              <value>
                <![CDATA[[TestResult name=logoverify status=SUCCESS method=Agoda_test.logoverify()[pri:0, instance:Test.Agoda_test@279fedbd] output={null}]]]>
              </value>
            </param>
          </params>
          <reporter-output>
          </reporter-output>
        </test-method> <!-- browserclose -->
        <test-method signature="home()[pri:1, instance:Test.Agoda_test@279fedbd]" started-at="2025-12-17T19:10:46 IST" name="home" finished-at="2025-12-17T19:10:56 IST" duration-ms="10175" status="PASS">
          <reporter-output>
          </reporter-output>
        </test-method> <!-- home -->
        <test-method is-config="true" signature="browserclose(org.testng.ITestResult)[pri:0, instance:Test.Agoda_test@279fedbd]" started-at="2025-12-17T19:10:56 IST" name="browserclose" finished-at="2025-12-17T19:10:56 IST" duration-ms="1" status="PASS">
          <params>
            <param index="0">
              <value>
                <![CDATA[[TestResult name=home status=SUCCESS method=Agoda_test.home()[pri:1, instance:Test.Agoda_test@279fedbd] output={null}]]]>
              </value>
            </param>
          </params>
          <reporter-output>
          </reporter-output>
        </test-method> <!-- browserclose -->
        <test-method signature="Screen()[pri:2, instance:Test.Agoda_test@279fedbd]" started-at="2025-12-17T19:10:56 IST" name="Screen" finished-at="2025-12-17T19:10:57 IST" duration-ms="405" status="PASS">
          <reporter-output>
          </reporter-output>
        </test-method> <!-- Screen -->
        <test-method is-config="true" signature="browserclose(org.testng.ITestResult)[pri:0, instance:Test.Agoda_test@279fedbd]" started-at="2025-12-17T19:10:57 IST" name="browserclose" finished-at="2025-12-17T19:10:57 IST" duration-ms="1" status="PASS">
          <params>
            <param index="0">
              <value>
                <![CDATA[[TestResult name=Screen status=SUCCESS method=Agoda_test.Screen()[pri:2, instance:Test.Agoda_test@279fedbd] output={null}]]]>
              </value>
            </param>
          </params>
          <reporter-output>
          </reporter-output>
        </test-method> <!-- browserclose -->
        <test-method signature="flag()[pri:3, instance:Test.Agoda_test@279fedbd]" started-at="2025-12-17T19:10:57 IST" name="flag" finished-at="2025-12-17T19:11:02 IST" duration-ms="5079" status="PASS">
          <reporter-output>
          </reporter-output>
        </test-method> <!-- flag -->
        <test-method is-config="true" signature="browserclose(org.testng.ITestResult)[pri:0, instance:Test.Agoda_test@279fedbd]" started-at="2025-12-17T19:11:02 IST" name="browserclose" finished-at="2025-12-17T19:11:02 IST" duration-ms="28" status="PASS">
          <params>
            <param index="0">
              <value>
                <![CDATA[[TestResult name=flag status=SUCCESS method=Agoda_test.flag()[pri:3, instance:Test.Agoda_test@279fedbd] output={null}]]]>
              </value>
            </param>
          </params>
          <reporter-output>
          </reporter-output>
        </test-method> <!-- browserclose -->
        <test-method signature="navigate()[pri:4, instance:Test.Agoda_test@279fedbd]" started-at="2025-12-17T19:11:02 IST" name="navigate" finished-at="2025-12-17T19:11:37 IST" duration-ms="34961" status="PASS">
          <reporter-output>
          </reporter-output>
        </test-method> <!-- navigate -->
        <test-method is-config="true" signature="browserclose(org.testng.ITestResult)[pri:0, instance:Test.Agoda_test@279fedbd]" started-at="2025-12-17T19:11:37 IST" name="browserclose" finished-at="2025-12-17T19:11:37 IST" duration-ms="3" status="PASS">
          <params>
            <param index="0">
              <value>
                <![CDATA[[TestResult name=navigate status=SUCCESS method=Agoda_test.navigate()[pri:4, instance:Test.Agoda_test@279fedbd] output={null}]]]>
              </value>
            </param>
          </params>
          <reporter-output>
          </reporter-output>
        </test-method> <!-- browserclose -->
        <test-method is-config="true" signature="browserclose()[pri:0, instance:Test.Agoda_test@279fedbd]" started-at="2025-12-17T19:11:37 IST" name="browserclose" finished-at="2025-12-17T19:11:38 IST" duration-ms="871" status="PASS">
          <reporter-output>
          </reporter-output>
        </test-method> <!-- browserclose -->
      </class> <!-- Test.Agoda_test -->
    </test> <!-- Default test -->
  </suite> <!-- Default suite -->
</testng-results>
