<?xml version="1.0" encoding="UTF-8"?>
<!-- Generated by org.testng.reporters.JUnitReportReporter -->
<testsuite hostname="DESKTOP-CQVNS9P" failures="0" tests="5" name="Test.Agoda_test" time="50.941" errors="0" timestamp="2025-12-17T19:11:38 IST" skipped="0">
  <testcase classname="Test.Agoda_test" name="logoverify" time="0.266"/>
  <testcase classname="Test.Agoda_test" name="home" time="10.178"/>
  <testcase classname="Test.Agoda_test" name="Screen" time="0.406"/>
  <testcase classname="Test.Agoda_test" name="flag" time="5.107"/>
  <testcase classname="Test.Agoda_test" name="navigate" time="34.984"/>
</testsuite> <!-- Test.Agoda_test -->
