<?xml version="1.0" encoding="UTF-8"?>
<!-- Generated by org.testng.reporters.JUnitReportReporter -->
<testsuite hostname="DESKTOP-CQVNS9P" failures="0" tests="5" name="Test.Agoda_test" time="51.586" errors="0" timestamp="2025-12-16T21:53:53 IST" skipped="0">
  <testcase classname="Test.Agoda_test" name="logoverify" time="2.297"/>
  <testcase classname="Test.Agoda_test" name="home" time="12.184"/>
  <testcase classname="Test.Agoda_test" name="Screen" time="0.560"/>
  <testcase classname="Test.Agoda_test" name="flag" time="4.915"/>
  <testcase classname="Test.Agoda_test" name="navigate" time="31.630"/>
</testsuite> <!-- Test.Agoda_test -->
